Copyright 1986-2021 Xilinx, Inc. All Rights Reserved.
----------------------------------------------------------------------------------------------
| Tool Version : Vivado v.2020.2.2 (lin64) Build 3118627 Tue Feb  9 05:13:49 MST 2021
| Date         : Wed Mar 16 12:32:44 2022
| Host         : ubuntu3 running 64-bit Ubuntu 20.04.3 LTS
| Command      : report_clock_utilization -file video_cp_wrapper_clock_utilization_routed.rpt
| Design       : video_cp_wrapper
| Device       : 7z020-clg400
| Speed File   : -1  PRODUCTION 1.12 2019-11-22
| Design State : Routed
----------------------------------------------------------------------------------------------

Clock Utilization Report

Table of Contents
-----------------
1. Clock Primitive Utilization
2. Global Clock Resources
3. Global Clock Source Details
4. Clock Regions: Key Resource Utilization
5. Clock Regions : Global Clock Summary
6. Device Cell Placement Summary for Global Clock g0
7. Device Cell Placement Summary for Global Clock g1
8. Device Cell Placement Summary for Global Clock g2
9. Device Cell Placement Summary for Global Clock g3
10. Device Cell Placement Summary for Global Clock g4
11. Clock Region Cell Placement per Global Clock: Region X0Y0
12. Clock Region Cell Placement per Global Clock: Region X1Y0
13. Clock Region Cell Placement per Global Clock: Region X0Y1
14. Clock Region Cell Placement per Global Clock: Region X1Y1
15. Clock Region Cell Placement per Global Clock: Region X0Y2
16. Clock Region Cell Placement per Global Clock: Region X1Y2

1. Clock Primitive Utilization
------------------------------

+----------+------+-----------+-----+--------------+--------+
| Type     | Used | Available | LOC | Clock Region | Pblock |
+----------+------+-----------+-----+--------------+--------+
| BUFGCTRL |    3 |        32 |   3 |            0 |      0 |
| BUFH     |    0 |        72 |   0 |            0 |      0 |
| BUFIO    |    2 |        16 |   2 |            0 |      0 |
| BUFMR    |    0 |         8 |   0 |            0 |      0 |
| BUFR     |    2 |        16 |   2 |            0 |      0 |
| MMCM     |    2 |         4 |   2 |            0 |      0 |
| PLL      |    0 |         4 |   0 |            0 |      0 |
+----------+------+-----------+-----+--------------+--------+


2. Global Clock Resources
-------------------------

+-----------+-----------+-----------------+----------------+----------------+--------------+-------------------+-------------+-----------------+--------------+------------------------+------------------------------------------------------------------------------+----------------------------------------------------------------------------------------+---------------+
| Global Id | Source Id | Driver Type/Pin | Constraint     | Site           | Clock Region | Load Clock Region | Clock Loads | Non-Clock Loads | Clock Period | Clock                  | Driver Pin                                                                   | Net                                                                                    | PR Clock Type |
+-----------+-----------+-----------------+----------------+----------------+--------------+-------------------+-------------+-----------------+--------------+------------------------+------------------------------------------------------------------------------+----------------------------------------------------------------------------------------+---------------+
| g0        | src0      | BUFG/O          | BUFGCTRL_X0Y16 | BUFGCTRL_X0Y16 | n/a          |                 6 |       28344 |               0 |        7.000 | clk_fpga_1             | video_cp_i/ps7_0/inst/buffer_fclk_clk_1.FCLK_CLK_1_BUFG/O                    | video_cp_i/ps7_0/inst/FCLK_CLK1                                                        | RM active (6) |
| g1        | src1      | BUFG/O          | BUFGCTRL_X0Y17 | BUFGCTRL_X0Y17 | n/a          |                 6 |        8692 |               0 |       10.000 | clk_fpga_0             | video_cp_i/ps7_0/inst/buffer_fclk_clk_0.FCLK_CLK_0_BUFG/O                    | video_cp_i/ps7_0/inst/FCLK_CLK0                                                        | RM active (6) |
| g2        | src2      | BUFR/O          | BUFR_X1Y5      | BUFR_X1Y5      | X1Y1         |                 1 |        2930 |               0 |        8.334 | hdmi_in_PixelClk       | video_cp_i/video/hdmi_in/frontend/dvi2rgb/U0/TMDS_ClockingX/PixelClkBuffer/O | video_cp_i/video/hdmi_in/frontend/dvi2rgb/U0/TMDS_ClockingX/rMMCM_LckdRisingFlag_reg_0 | RM active (1) |
| g3        | src3      | BUFR/O          | BUFR_X1Y9      | BUFR_X1Y9      | X1Y2         |                 1 |        2775 |               0 |       10.000 | axi_dynclk_0_PXL_CLK_O | video_cp_i/video/hdmi_out/frontend/axi_dynclk/U0/BUFR_inst/O                 | video_cp_i/video/hdmi_out/frontend/axi_dynclk/U0/PXL_CLK_O                             | RM active (1) |
| g4        | src4      | BUFG/O          | BUFGCTRL_X0Y18 | BUFGCTRL_X0Y18 | n/a          |                 2 |         157 |               0 |        5.000 | clk_fpga_2             | video_cp_i/ps7_0/inst/buffer_fclk_clk_2.FCLK_CLK_2_BUFG/O                    | video_cp_i/ps7_0/inst/FCLK_CLK2                                                        | RM active (2) |
+-----------+-----------+-----------------+----------------+----------------+--------------+-------------------+-------------+-----------------+--------------+------------------------+------------------------------------------------------------------------------+----------------------------------------------------------------------------------------+---------------+
* Clock Loads column represents the clock pin loads (pin count)
** Non-Clock Loads column represents the non-clock pin loads (pin count)
*** PR Clock Type column represents the clock spine usage in the clock regions (by module requirement)


3. Global Clock Source Details
------------------------------

+-----------+-----------+--------------------+-----------------+-----------------+--------------+-------------+-----------------+---------------------+---------------------+----------------------------------------------------------------------------------------+---------------------------------------------------------------------------------+-----------------+
| Source Id | Global Id | Driver Type/Pin    | Constraint      | Site            | Clock Region | Clock Loads | Non-Clock Loads | Source Clock Period | Source Clock        | Driver Pin                                                                             | Net                                                                             | PR Clock Source |
+-----------+-----------+--------------------+-----------------+-----------------+--------------+-------------+-----------------+---------------------+---------------------+----------------------------------------------------------------------------------------+---------------------------------------------------------------------------------+-----------------+
| src0      | g0        | PS7/FCLKCLK[1]     | PS7_X0Y0        | PS7_X0Y0        | X0Y2         |           1 |               0 |               7.000 | clk_fpga_1          | video_cp_i/ps7_0/inst/PS7_i/FCLKCLK[1]                                                 | video_cp_i/ps7_0/inst/FCLK_CLK_unbuffered[1]                                    | Static          |
| src1      | g1        | PS7/FCLKCLK[0]     | PS7_X0Y0        | PS7_X0Y0        | X0Y2         |           1 |               0 |              10.000 | clk_fpga_0          | video_cp_i/ps7_0/inst/PS7_i/FCLKCLK[0]                                                 | video_cp_i/ps7_0/inst/FCLK_CLK_unbuffered[0]                                    | Static          |
| src2      | g2        | MMCME2_ADV/CLKOUT0 | MMCME2_ADV_X1Y1 | MMCME2_ADV_X1Y1 | X1Y1         |           2 |               0 |               1.667 | CLK_OUT_5x_hdmi_clk | video_cp_i/video/hdmi_in/frontend/dvi2rgb/U0/TMDS_ClockingX/DVI_ClkGenerator/CLKOUT0   | video_cp_i/video/hdmi_in/frontend/dvi2rgb/U0/TMDS_ClockingX/CLK_OUT_5x_hdmi_clk | Static          |
| src3      | g3        | MMCME2_ADV/CLKOUT0 | MMCME2_ADV_X1Y2 | MMCME2_ADV_X1Y2 | X1Y2         |           2 |               0 |               2.000 | I                   | video_cp_i/video/hdmi_out/frontend/axi_dynclk/U0/Inst_mmcme2_drp/mmcm_adv_inst/CLKOUT0 | video_cp_i/video/hdmi_out/frontend/axi_dynclk/U0/Inst_mmcme2_drp/I              | Static          |
| src4      | g4        | PS7/FCLKCLK[2]     | PS7_X0Y0        | PS7_X0Y0        | X0Y2         |           1 |               0 |               5.000 | clk_fpga_2          | video_cp_i/ps7_0/inst/PS7_i/FCLKCLK[2]                                                 | video_cp_i/ps7_0/inst/FCLK_CLK_unbuffered[2]                                    | Static          |
+-----------+-----------+--------------------+-----------------+-----------------+--------------+-------------+-----------------+---------------------+---------------------+----------------------------------------------------------------------------------------+---------------------------------------------------------------------------------+-----------------+
* Clock Loads column represents the clock pin loads (pin count)
** Non-Clock Loads column represents the non-clock pin loads (pin count)


4. Clock Regions: Key Resource Utilization
------------------------------------------

+-------------------+--------------+--------------+--------------+--------------+--------------+--------------+--------------+--------------+--------------+--------------+---------------+--------------+--------------+--------------+--------------+
|                   | Global Clock |     BUFRs    |    BUFMRs    |    BUFIOs    |     MMCM     |      PLL     |      GT      |      PCI     |    ILOGIC    |    OLOGIC    |       FF      |     LUTM     |    RAMB18    |    RAMB36    |    DSP48E2   |
+-------------------+------+-------+------+-------+------+-------+------+-------+------+-------+------+-------+------+-------+------+-------+------+-------+------+-------+-------+-------+------+-------+------+-------+------+-------+------+-------+
| Clock Region Name | Used | Avail | Used | Avail | Used | Avail | Used | Avail | Used | Avail | Used | Avail | Used | Avail | Used | Avail | Used | Avail | Used | Avail | Used  | Avail | Used | Avail | Used | Avail | Used | Avail | Used | Avail |
+-------------------+------+-------+------+-------+------+-------+------+-------+------+-------+------+-------+------+-------+------+-------+------+-------+------+-------+-------+-------+------+-------+------+-------+------+-------+------+-------+
| X0Y0              |    2 |    12 |    0 |     4 |    0 |     2 |    0 |     4 |    0 |     1 |    0 |     1 |    0 |     0 |    0 |     0 |    0 |    50 |    0 |    50 |   491 |  2500 |    0 |  1000 |    0 |    60 |    0 |    30 |    0 |    60 |
| X1Y0              |    2 |    12 |    0 |     4 |    0 |     2 |    0 |     4 |    0 |     1 |    0 |     1 |    0 |     0 |    0 |     0 |    0 |    50 |    0 |    50 | 14156 |  3200 | 4580 |   850 |    2 |    60 |   24 |    30 |   37 |    40 |
| X0Y1              |    2 |    12 |    0 |     0 |    0 |     0 |    0 |     0 |    0 |     0 |    0 |     0 |    0 |     0 |    0 |     0 |    0 |     0 |    0 |     0 |  3098 |  1200 | 1202 |   400 |    1 |    20 |    8 |    10 |    9 |    20 |
| X1Y1              |    5 |    12 |    1 |     4 |    0 |     2 |    1 |     4 |    0 |     1 |    0 |     1 |    0 |     0 |    0 |     0 |    6 |    50 |    0 |    50 | 11684 |  2600 | 4089 |   850 |    1 |    60 |   21 |    30 |   22 |    40 |
| X0Y2              |    2 |    12 |    0 |     0 |    0 |     0 |    0 |     0 |    0 |     0 |    0 |     0 |    0 |     0 |    0 |     0 |    0 |     0 |    0 |     0 |  1786 |  1200 |  712 |   400 |    0 |    20 |    0 |    10 |   18 |    20 |
| X1Y2              |    5 |    12 |    1 |     4 |    0 |     2 |    1 |     4 |    1 |     1 |    0 |     1 |    0 |     0 |    0 |     0 |    0 |    50 |    8 |    50 |  9818 |  2600 | 3198 |   850 |    0 |    60 |    3 |    30 |   14 |    40 |
+-------------------+------+-------+------+-------+------+-------+------+-------+------+-------+------+-------+------+-------+------+-------+------+-------+------+-------+-------+-------+------+-------+------+-------+------+-------+------+-------+
* Global Clock column represents track count; while other columns represents cell counts


5. Clock Regions : Global Clock Summary
---------------------------------------

All Modules - Total Usage Sums of Static and RP modules
+----+----+----+
|    | X0 | X1 |
+----+----+----+
| Y2 |  2 |  5 |
| Y1 |  2 |  5 |
| Y0 |  2 |  2 |
+----+----+----+


video_cp_i/composable/pr_fork - Usages of Clock Resources for Clocks Sourced (if any) in this RP Module
+----+----+----+
|    | X0 | X1 |
+----+----+----+
| Y2 |  2 |  5 |
| Y1 |  2 |  5 |
| Y0 |  2 |  2 |
+----+----+----+


video_cp_i/composable/pr_1 - Usages of Clock Resources for Clocks Sourced (if any) in this RP Module
+----+----+----+
|    | X0 | X1 |
+----+----+----+
| Y2 |  2 |  5 |
| Y1 |  2 |  5 |
| Y0 |  2 |  2 |
+----+----+----+


video_cp_i/composable/pr_join - Usages of Clock Resources for Clocks Sourced (if any) in this RP Module
+----+----+----+
|    | X0 | X1 |
+----+----+----+
| Y2 |  2 |  5 |
| Y1 |  2 |  5 |
| Y0 |  2 |  2 |
+----+----+----+


video_cp_i/composable/pr_0 - Usages of Clock Resources for Clocks Sourced (if any) in this RP Module
+----+----+----+
|    | X0 | X1 |
+----+----+----+
| Y2 |  2 |  5 |
| Y1 |  2 |  5 |
| Y0 |  2 |  2 |
+----+----+----+


6. Device Cell Placement Summary for Global Clock g0
----------------------------------------------------

+-----------+-----------------+-------------------+------------+-------------+---------------+-------------+----------+----------------+----------+---------------------------------+-----------------+
| Global Id | Driver Type/Pin | Driver Region (D) | Clock      | Period (ns) | Waveform (ns) | Slice Loads | IO Loads | Clocking Loads | GT Loads | Net                             | PR Clock Source |
+-----------+-----------------+-------------------+------------+-------------+---------------+-------------+----------+----------------+----------+---------------------------------+-----------------+
| g0        | BUFG/O          | n/a               | clk_fpga_1 |       7.000 | {0.000 3.500} |       28277 |        0 |              0 |        0 | video_cp_i/ps7_0/inst/FCLK_CLK1 | Static          |
+-----------+-----------------+-------------------+------------+-------------+---------------+-------------+----------+----------------+----------+---------------------------------+-----------------+
* Slice Loads column represents load cell count of all cell types other than IO, GT and clock resources
** IO Loads column represents load cell count of IO types
*** Clocking Loads column represents load cell count that are clock resources (global clock buffer, MMCM, PLL, etc)
**** GT Loads column represents load cell count of GT types


+----+-------+--------+-----------------------+
|    | X0    | X1     | HORIZONTAL PROG DELAY |
+----+-------+--------+-----------------------+
| Y2 |   990 |   3501 |                     0 |
| Y1 |  2703 |   6322 |                     0 |
| Y0 |   441 |  14320 |                     0 |
+----+-------+--------+-----------------------+


7. Device Cell Placement Summary for Global Clock g1
----------------------------------------------------

+-----------+-----------------+-------------------+------------+-------------+---------------+-------------+----------+----------------+----------+---------------------------------+-----------------+
| Global Id | Driver Type/Pin | Driver Region (D) | Clock      | Period (ns) | Waveform (ns) | Slice Loads | IO Loads | Clocking Loads | GT Loads | Net                             | PR Clock Source |
+-----------+-----------------+-------------------+------------+-------------+---------------+-------------+----------+----------------+----------+---------------------------------+-----------------+
| g1        | BUFG/O          | n/a               | clk_fpga_0 |      10.000 | {0.000 5.000} |        8690 |        0 |              1 |        0 | video_cp_i/ps7_0/inst/FCLK_CLK0 | Static          |
+-----------+-----------------+-------------------+------------+-------------+---------------+-------------+----------+----------------+----------+---------------------------------+-----------------+
* Slice Loads column represents load cell count of all cell types other than IO, GT and clock resources
** IO Loads column represents load cell count of IO types
*** Clocking Loads column represents load cell count that are clock resources (global clock buffer, MMCM, PLL, etc)
**** GT Loads column represents load cell count of GT types


+----+------+-------+-----------------------+
|    | X0   | X1    | HORIZONTAL PROG DELAY |
+----+------+-------+-----------------------+
| Y2 |  857 |  3825 |                     0 |
| Y1 |  543 |  2671 |                     0 |
| Y0 |   50 |   745 |                     0 |
+----+------+-------+-----------------------+


8. Device Cell Placement Summary for Global Clock g2
----------------------------------------------------

+-----------+-----------------+-------------------+------------------+-------------+---------------+-------------+----------+----------------+----------+----------------------------------------------------------------------------------------+-----------------+
| Global Id | Driver Type/Pin | Driver Region (D) | Clock            | Period (ns) | Waveform (ns) | Slice Loads | IO Loads | Clocking Loads | GT Loads | Net                                                                                    | PR Clock Source |
+-----------+-----------------+-------------------+------------------+-------------+---------------+-------------+----------+----------------+----------+----------------------------------------------------------------------------------------+-----------------+
| g2        | BUFR/O          | X1Y1              | hdmi_in_PixelClk |       8.334 | {0.000 3.334} |        2918 |        6 |              0 |        0 | video_cp_i/video/hdmi_in/frontend/dvi2rgb/U0/TMDS_ClockingX/rMMCM_LckdRisingFlag_reg_0 | Static          |
+-----------+-----------------+-------------------+------------------+-------------+---------------+-------------+----------+----------------+----------+----------------------------------------------------------------------------------------+-----------------+
* Slice Loads column represents load cell count of all cell types other than IO, GT and clock resources
** IO Loads column represents load cell count of IO types
*** Clocking Loads column represents load cell count that are clock resources (global clock buffer, MMCM, PLL, etc)
**** GT Loads column represents load cell count of GT types


+----+----+-----------+-----------------------+
|    | X0 | X1        | HORIZONTAL PROG DELAY |
+----+----+-----------+-----------------------+
| Y2 |  0 |         0 |                     0 |
| Y1 |  0 |  (D) 2924 |                     0 |
| Y0 |  0 |         0 |                     0 |
+----+----+-----------+-----------------------+


9. Device Cell Placement Summary for Global Clock g3
----------------------------------------------------

+-----------+-----------------+-------------------+------------------------+-------------+---------------+-------------+----------+----------------+----------+------------------------------------------------------------+-----------------+
| Global Id | Driver Type/Pin | Driver Region (D) | Clock                  | Period (ns) | Waveform (ns) | Slice Loads | IO Loads | Clocking Loads | GT Loads | Net                                                        | PR Clock Source |
+-----------+-----------------+-------------------+------------------------+-------------+---------------+-------------+----------+----------------+----------+------------------------------------------------------------+-----------------+
| g3        | BUFR/O          | X1Y2              | axi_dynclk_0_PXL_CLK_O |      10.000 | {0.000 4.000} |        2767 |        8 |              0 |        0 | video_cp_i/video/hdmi_out/frontend/axi_dynclk/U0/PXL_CLK_O | Static          |
+-----------+-----------------+-------------------+------------------------+-------------+---------------+-------------+----------+----------------+----------+------------------------------------------------------------+-----------------+
* Slice Loads column represents load cell count of all cell types other than IO, GT and clock resources
** IO Loads column represents load cell count of IO types
*** Clocking Loads column represents load cell count that are clock resources (global clock buffer, MMCM, PLL, etc)
**** GT Loads column represents load cell count of GT types


+----+----+-----------+-----------------------+
|    | X0 | X1        | HORIZONTAL PROG DELAY |
+----+----+-----------+-----------------------+
| Y2 |  0 |  (D) 2775 |                     0 |
| Y1 |  0 |         0 |                     0 |
| Y0 |  0 |         0 |                     0 |
+----+----+-----------+-----------------------+


10. Device Cell Placement Summary for Global Clock g4
-----------------------------------------------------

+-----------+-----------------+-------------------+------------+-------------+---------------+-------------+----------+----------------+----------+---------------------------------+-----------------+
| Global Id | Driver Type/Pin | Driver Region (D) | Clock      | Period (ns) | Waveform (ns) | Slice Loads | IO Loads | Clocking Loads | GT Loads | Net                             | PR Clock Source |
+-----------+-----------------+-------------------+------------+-------------+---------------+-------------+----------+----------------+----------+---------------------------------+-----------------+
| g4        | BUFG/O          | n/a               | clk_fpga_2 |       5.000 | {0.000 2.500} |         157 |        0 |              0 |        0 | video_cp_i/ps7_0/inst/FCLK_CLK2 | Static          |
+-----------+-----------------+-------------------+------------+-------------+---------------+-------------+----------+----------------+----------+---------------------------------+-----------------+
* Slice Loads column represents load cell count of all cell types other than IO, GT and clock resources
** IO Loads column represents load cell count of IO types
*** Clocking Loads column represents load cell count that are clock resources (global clock buffer, MMCM, PLL, etc)
**** GT Loads column represents load cell count of GT types


+----+----+------+-----------------------+
|    | X0 | X1   | HORIZONTAL PROG DELAY |
+----+----+------+-----------------------+
| Y2 |  0 |    3 |                     0 |
| Y1 |  0 |  154 |                     0 |
| Y0 |  0 |    0 |                     0 |
+----+----+------+-----------------------+


11. Clock Region Cell Placement per Global Clock: Region X0Y0
-------------------------------------------------------------

+-----------+-------+-----------------+----------------+-------------+-----------------+-----+--------+------+-----+----+------+-----+---------+---------------------------------+
| Global Id | Track | Driver Type/Pin | Constraint     | Clock Loads | Non-Clock Loads | FF  | LUTRAM | RAMB | DSP | GT | MMCM | PLL | Hard IP | Net                             |
+-----------+-------+-----------------+----------------+-------------+-----------------+-----+--------+------+-----+----+------+-----+---------+---------------------------------+
| g0        | n/a   | BUFG/O          | BUFGCTRL_X0Y16 |         441 |               0 | 441 |      0 |    0 |   0 |  0 |    0 |   0 |       0 | video_cp_i/ps7_0/inst/FCLK_CLK1 |
| g1        | n/a   | BUFG/O          | BUFGCTRL_X0Y17 |          50 |               0 |  50 |      0 |    0 |   0 |  0 |    0 |   0 |       0 | video_cp_i/ps7_0/inst/FCLK_CLK0 |
+-----------+-------+-----------------+----------------+-------------+-----------------+-----+--------+------+-----+----+------+-----+---------+---------------------------------+
* Clock Loads column represents the clock pin loads (pin count)
** Non-Clock Loads column represents the non-clock pin loads (pin count)
*** Columns FF, LUTRAM, RAMB through 'Hard IP' represents load cell counts


12. Clock Region Cell Placement per Global Clock: Region X1Y0
-------------------------------------------------------------

+-----------+-------+-----------------+----------------+-------------+-----------------+-------+--------+------+-----+----+------+-----+---------+---------------------------------+
| Global Id | Track | Driver Type/Pin | Constraint     | Clock Loads | Non-Clock Loads | FF    | LUTRAM | RAMB | DSP | GT | MMCM | PLL | Hard IP | Net                             |
+-----------+-------+-----------------+----------------+-------------+-----------------+-------+--------+------+-----+----+------+-----+---------+---------------------------------+
| g0        | n/a   | BUFG/O          | BUFGCTRL_X0Y16 |       14320 |               0 | 13411 |    842 |   26 |  37 |  0 |    0 |   0 |       0 | video_cp_i/ps7_0/inst/FCLK_CLK1 |
| g1        | n/a   | BUFG/O          | BUFGCTRL_X0Y17 |         745 |               0 |   745 |      0 |    0 |   0 |  0 |    0 |   0 |       0 | video_cp_i/ps7_0/inst/FCLK_CLK0 |
+-----------+-------+-----------------+----------------+-------------+-----------------+-------+--------+------+-----+----+------+-----+---------+---------------------------------+
* Clock Loads column represents the clock pin loads (pin count)
** Non-Clock Loads column represents the non-clock pin loads (pin count)
*** Columns FF, LUTRAM, RAMB through 'Hard IP' represents load cell counts


13. Clock Region Cell Placement per Global Clock: Region X0Y1
-------------------------------------------------------------

+-----------+-------+-----------------+----------------+-------------+-----------------+------+--------+------+-----+----+------+-----+---------+---------------------------------+
| Global Id | Track | Driver Type/Pin | Constraint     | Clock Loads | Non-Clock Loads | FF   | LUTRAM | RAMB | DSP | GT | MMCM | PLL | Hard IP | Net                             |
+-----------+-------+-----------------+----------------+-------------+-----------------+------+--------+------+-----+----+------+-----+---------+---------------------------------+
| g0        | n/a   | BUFG/O          | BUFGCTRL_X0Y16 |        2703 |               0 | 2555 |    129 |    9 |   9 |  0 |    0 |   0 |       0 | video_cp_i/ps7_0/inst/FCLK_CLK1 |
| g1        | n/a   | BUFG/O          | BUFGCTRL_X0Y17 |         543 |               0 |  543 |      0 |    0 |   0 |  0 |    0 |   0 |       0 | video_cp_i/ps7_0/inst/FCLK_CLK0 |
+-----------+-------+-----------------+----------------+-------------+-----------------+------+--------+------+-----+----+------+-----+---------+---------------------------------+
* Clock Loads column represents the clock pin loads (pin count)
** Non-Clock Loads column represents the non-clock pin loads (pin count)
*** Columns FF, LUTRAM, RAMB through 'Hard IP' represents load cell counts


14. Clock Region Cell Placement per Global Clock: Region X1Y1
-------------------------------------------------------------

+-----------+-------+-----------------+----------------+-------------+-----------------+------+--------+------+-----+----+------+-----+---------+----------------------------------------------------------------------------------------+
| Global Id | Track | Driver Type/Pin | Constraint     | Clock Loads | Non-Clock Loads | FF   | LUTRAM | RAMB | DSP | GT | MMCM | PLL | Hard IP | Net                                                                                    |
+-----------+-------+-----------------+----------------+-------------+-----------------+------+--------+------+-----+----+------+-----+---------+----------------------------------------------------------------------------------------+
| g0        | n/a   | BUFG/O          | BUFGCTRL_X0Y16 |        6322 |               0 | 6084 |    192 |   22 |  22 |  0 |    0 |   0 |       0 | video_cp_i/ps7_0/inst/FCLK_CLK1                                                        |
| g1        | n/a   | BUFG/O          | BUFGCTRL_X0Y17 |        2671 |               0 | 2541 |    130 |    0 |   0 |  0 |    0 |   0 |       0 | video_cp_i/ps7_0/inst/FCLK_CLK0                                                        |
| g2        | n/a   | BUFR/O          | BUFR_X1Y5      |        2924 |               0 | 2906 |      6 |    3 |   0 |  0 |    0 |   0 |       0 | video_cp_i/video/hdmi_in/frontend/dvi2rgb/U0/TMDS_ClockingX/rMMCM_LckdRisingFlag_reg_0 |
| g4        | n/a   | BUFG/O          | BUFGCTRL_X0Y18 |         154 |               0 |  153 |      0 |    0 |   0 |  0 |    0 |   0 |       0 | video_cp_i/ps7_0/inst/FCLK_CLK2                                                        |
+-----------+-------+-----------------+----------------+-------------+-----------------+------+--------+------+-----+----+------+-----+---------+----------------------------------------------------------------------------------------+
* Clock Loads column represents the clock pin loads (pin count)
** Non-Clock Loads column represents the non-clock pin loads (pin count)
*** Columns FF, LUTRAM, RAMB through 'Hard IP' represents load cell counts


15. Clock Region Cell Placement per Global Clock: Region X0Y2
-------------------------------------------------------------

+-----------+-------+-----------------+----------------+-------------+-----------------+-----+--------+------+-----+----+------+-----+---------+---------------------------------+
| Global Id | Track | Driver Type/Pin | Constraint     | Clock Loads | Non-Clock Loads | FF  | LUTRAM | RAMB | DSP | GT | MMCM | PLL | Hard IP | Net                             |
+-----------+-------+-----------------+----------------+-------------+-----------------+-----+--------+------+-----+----+------+-----+---------+---------------------------------+
| g0        | n/a   | BUFG/O          | BUFGCTRL_X0Y16 |         990 |               0 | 938 |     32 |    0 |  18 |  0 |    0 |   0 |       0 | video_cp_i/ps7_0/inst/FCLK_CLK1 |
| g1        | n/a   | BUFG/O          | BUFGCTRL_X0Y17 |         857 |               0 | 848 |      8 |    0 |   0 |  0 |    0 |   0 |       0 | video_cp_i/ps7_0/inst/FCLK_CLK0 |
+-----------+-------+-----------------+----------------+-------------+-----------------+-----+--------+------+-----+----+------+-----+---------+---------------------------------+
* Clock Loads column represents the clock pin loads (pin count)
** Non-Clock Loads column represents the non-clock pin loads (pin count)
*** Columns FF, LUTRAM, RAMB through 'Hard IP' represents load cell counts


16. Clock Region Cell Placement per Global Clock: Region X1Y2
-------------------------------------------------------------

+-----------+-------+-----------------+----------------+-------------+-----------------+------+--------+------+-----+----+------+-----+---------+------------------------------------------------------------+
| Global Id | Track | Driver Type/Pin | Constraint     | Clock Loads | Non-Clock Loads | FF   | LUTRAM | RAMB | DSP | GT | MMCM | PLL | Hard IP | Net                                                        |
+-----------+-------+-----------------+----------------+-------------+-----------------+------+--------+------+-----+----+------+-----+---------+------------------------------------------------------------+
| g0        | n/a   | BUFG/O          | BUFGCTRL_X0Y16 |        3501 |               0 | 3386 |     96 |    3 |  14 |  0 |    0 |   0 |       0 | video_cp_i/ps7_0/inst/FCLK_CLK1                            |
| g1        | n/a   | BUFG/O          | BUFGCTRL_X0Y17 |        3825 |               0 | 3696 |    128 |    0 |   0 |  0 |    1 |   0 |       0 | video_cp_i/ps7_0/inst/FCLK_CLK0                            |
| g3        | n/a   | BUFR/O          | BUFR_X1Y9      |        2775 |               0 | 2733 |     32 |    1 |   0 |  0 |    0 |   0 |       0 | video_cp_i/video/hdmi_out/frontend/axi_dynclk/U0/PXL_CLK_O |
| g4        | n/a   | BUFG/O          | BUFGCTRL_X0Y18 |           3 |               0 |    3 |      0 |    0 |   0 |  0 |    0 |   0 |       0 | video_cp_i/ps7_0/inst/FCLK_CLK2                            |
+-----------+-------+-----------------+----------------+-------------+-----------------+------+--------+------+-----+----+------+-----+---------+------------------------------------------------------------+
* Clock Loads column represents the clock pin loads (pin count)
** Non-Clock Loads column represents the non-clock pin loads (pin count)
*** Columns FF, LUTRAM, RAMB through 'Hard IP' represents load cell counts



# Location of BUFG Primitives 
set_property LOC BUFGCTRL_X0Y18 [get_cells video_cp_i/ps7_0/inst/buffer_fclk_clk_2.FCLK_CLK_2_BUFG]
set_property LOC BUFGCTRL_X0Y16 [get_cells video_cp_i/ps7_0/inst/buffer_fclk_clk_1.FCLK_CLK_1_BUFG]
set_property LOC BUFGCTRL_X0Y17 [get_cells video_cp_i/ps7_0/inst/buffer_fclk_clk_0.FCLK_CLK_0_BUFG]

# Location of BUFIO Primitives 
set_property LOC BUFIO_X1Y9 [get_cells video_cp_i/video/hdmi_out/frontend/axi_dynclk/U0/BUFIO_inst]
set_property LOC BUFIO_X1Y6 [get_cells video_cp_i/video/hdmi_in/frontend/dvi2rgb/U0/TMDS_ClockingX/SerialClkBuffer]

# Location of BUFR Primitives 
set_property LOC BUFR_X1Y9 [get_cells video_cp_i/video/hdmi_out/frontend/axi_dynclk/U0/BUFR_inst]
set_property LOC BUFR_X1Y5 [get_cells video_cp_i/video/hdmi_in/frontend/dvi2rgb/U0/TMDS_ClockingX/PixelClkBuffer]

# Location of IO Primitives which is load of clock spine

# Location of clock ports
set_property LOC IOB_X1Y73 [get_ports hdmi_in_clk_n]
set_property LOC IOB_X1Y74 [get_ports hdmi_in_clk_p]

# Clock net "video_cp_i/video/hdmi_out/frontend/axi_dynclk/U0/PXL_CLK_O" driven by instance "video_cp_i/video/hdmi_out/frontend/axi_dynclk/U0/BUFR_inst" located at site "BUFR_X1Y9"
#startgroup
create_pblock {CLKAG_video_cp_i/video/hdmi_out/frontend/axi_dynclk/U0/PXL_CLK_O}
add_cells_to_pblock [get_pblocks  {CLKAG_video_cp_i/video/hdmi_out/frontend/axi_dynclk/U0/PXL_CLK_O}] [get_cells -filter { PRIMITIVE_GROUP != I/O && IS_PRIMITIVE==1 && PRIMITIVE_LEVEL !=INTERNAL } -of_object [get_pins -filter {DIRECTION==IN} -of_objects [get_nets -hierarchical -filter {PARENT=="video_cp_i/video/hdmi_out/frontend/axi_dynclk/U0/PXL_CLK_O"}]]]
resize_pblock [get_pblocks {CLKAG_video_cp_i/video/hdmi_out/frontend/axi_dynclk/U0/PXL_CLK_O}] -add {CLOCKREGION_X0Y0:CLOCKREGION_X0Y0 CLOCKREGION_X0Y1:CLOCKREGION_X0Y1 CLOCKREGION_X0Y2:CLOCKREGION_X0Y2 CLOCKREGION_X1Y0:CLOCKREGION_X1Y0 CLOCKREGION_X1Y1:CLOCKREGION_X1Y1 CLOCKREGION_X1Y2:CLOCKREGION_X1Y2}
#endgroup

# Clock net "video_cp_i/video/hdmi_in/frontend/dvi2rgb/U0/TMDS_ClockingX/rMMCM_LckdRisingFlag_reg_0" driven by instance "video_cp_i/video/hdmi_in/frontend/dvi2rgb/U0/TMDS_ClockingX/PixelClkBuffer" located at site "BUFR_X1Y5"
#startgroup
create_pblock {CLKAG_video_cp_i/video/hdmi_in/frontend/dvi2rgb/U0/TMDS_ClockingX/rMMCM_LckdRisingFlag_reg_0}
add_cells_to_pblock [get_pblocks  {CLKAG_video_cp_i/video/hdmi_in/frontend/dvi2rgb/U0/TMDS_ClockingX/rMMCM_LckdRisingFlag_reg_0}] [get_cells -filter { PRIMITIVE_GROUP != I/O && IS_PRIMITIVE==1 && PRIMITIVE_LEVEL !=INTERNAL } -of_object [get_pins -filter {DIRECTION==IN} -of_objects [get_nets -hierarchical -filter {PARENT=="video_cp_i/video/hdmi_in/frontend/dvi2rgb/U0/TMDS_ClockingX/rMMCM_LckdRisingFlag_reg_0"}]]]
resize_pblock [get_pblocks {CLKAG_video_cp_i/video/hdmi_in/frontend/dvi2rgb/U0/TMDS_ClockingX/rMMCM_LckdRisingFlag_reg_0}] -add {CLOCKREGION_X0Y0:CLOCKREGION_X0Y0 CLOCKREGION_X0Y1:CLOCKREGION_X0Y1 CLOCKREGION_X0Y2:CLOCKREGION_X0Y2 CLOCKREGION_X1Y0:CLOCKREGION_X1Y0 CLOCKREGION_X1Y1:CLOCKREGION_X1Y1 CLOCKREGION_X1Y2:CLOCKREGION_X1Y2}
#endgroup

# Clock net "video_cp_i/ps7_0/inst/FCLK_CLK2" driven by instance "video_cp_i/ps7_0/inst/buffer_fclk_clk_2.FCLK_CLK_2_BUFG" located at site "BUFGCTRL_X0Y18"
#startgroup
create_pblock {CLKAG_video_cp_i/ps7_0/inst/FCLK_CLK2}
add_cells_to_pblock [get_pblocks  {CLKAG_video_cp_i/ps7_0/inst/FCLK_CLK2}] [get_cells -filter { PRIMITIVE_GROUP != I/O && IS_PRIMITIVE==1 && PRIMITIVE_LEVEL !=INTERNAL } -of_object [get_pins -filter {DIRECTION==IN} -of_objects [get_nets -hierarchical -filter {PARENT=="video_cp_i/ps7_0/inst/FCLK_CLK2"}]]]
resize_pblock [get_pblocks {CLKAG_video_cp_i/ps7_0/inst/FCLK_CLK2}] -add {CLOCKREGION_X0Y0:CLOCKREGION_X0Y0 CLOCKREGION_X0Y1:CLOCKREGION_X0Y1 CLOCKREGION_X0Y2:CLOCKREGION_X0Y2 CLOCKREGION_X1Y0:CLOCKREGION_X1Y0 CLOCKREGION_X1Y1:CLOCKREGION_X1Y1 CLOCKREGION_X1Y2:CLOCKREGION_X1Y2}
#endgroup

# Clock net "video_cp_i/ps7_0/inst/FCLK_CLK1" driven by instance "video_cp_i/ps7_0/inst/buffer_fclk_clk_1.FCLK_CLK_1_BUFG" located at site "BUFGCTRL_X0Y16"
#startgroup
create_pblock {CLKAG_video_cp_i/ps7_0/inst/FCLK_CLK1}
add_cells_to_pblock [get_pblocks  {CLKAG_video_cp_i/ps7_0/inst/FCLK_CLK1}] [get_cells -filter { PRIMITIVE_GROUP != I/O && IS_PRIMITIVE==1 && PRIMITIVE_LEVEL !=INTERNAL } -of_object [get_pins -filter {DIRECTION==IN} -of_objects [get_nets -hierarchical -filter {PARENT=="video_cp_i/ps7_0/inst/FCLK_CLK1"}]]]
resize_pblock [get_pblocks {CLKAG_video_cp_i/ps7_0/inst/FCLK_CLK1}] -add {CLOCKREGION_X0Y0:CLOCKREGION_X0Y0 CLOCKREGION_X0Y1:CLOCKREGION_X0Y1 CLOCKREGION_X0Y2:CLOCKREGION_X0Y2 CLOCKREGION_X1Y0:CLOCKREGION_X1Y0 CLOCKREGION_X1Y1:CLOCKREGION_X1Y1 CLOCKREGION_X1Y2:CLOCKREGION_X1Y2}
#endgroup

# Clock net "video_cp_i/ps7_0/inst/FCLK_CLK0" driven by instance "video_cp_i/ps7_0/inst/buffer_fclk_clk_0.FCLK_CLK_0_BUFG" located at site "BUFGCTRL_X0Y17"
#startgroup
create_pblock {CLKAG_video_cp_i/ps7_0/inst/FCLK_CLK0}
add_cells_to_pblock [get_pblocks  {CLKAG_video_cp_i/ps7_0/inst/FCLK_CLK0}] [get_cells -filter { PRIMITIVE_GROUP != I/O && IS_PRIMITIVE==1 && PRIMITIVE_LEVEL !=INTERNAL && NAME!=video_cp_i/video/hdmi_out/frontend/axi_dynclk/U0/Inst_mmcme2_drp/mmcm_adv_inst} -of_object [get_pins -filter {DIRECTION==IN} -of_objects [get_nets -hierarchical -filter {PARENT=="video_cp_i/ps7_0/inst/FCLK_CLK0"}]]]
resize_pblock [get_pblocks {CLKAG_video_cp_i/ps7_0/inst/FCLK_CLK0}] -add {CLOCKREGION_X0Y0:CLOCKREGION_X0Y0 CLOCKREGION_X0Y1:CLOCKREGION_X0Y1 CLOCKREGION_X0Y2:CLOCKREGION_X0Y2 CLOCKREGION_X1Y0:CLOCKREGION_X1Y0 CLOCKREGION_X1Y1:CLOCKREGION_X1Y1 CLOCKREGION_X1Y2:CLOCKREGION_X1Y2}
#endgroup
